<?xml version="1.0" encoding="UTF-8"?>
<testsuite xmlns:xsi="http://www.w3.org/2001/XMLSchema-instance" xsi:noNamespaceSchemaLocation="https://maven.apache.org/surefire/maven-surefire-plugin/xsd/surefire-test-report.xsd" name="org.ordersample.customerservice.controller.CustomerServiceControllerTest" time="18.734" tests="8" errors="0" skipped="0" failures="0">
  <properties>
[...]
</properties>
  <testcase name="findAllCustomersValidation" classname="org.ordersample.customerservice.controller.CustomerServiceControllerTest" time="0.663"/>
  <testcase name="createCustomerShouldReturnNull" classname="org.ordersample.customerservice.controller.CustomerServiceControllerTest" time="0.106"/>
  <testcase name="updateCustomerValidation" classname="org.ordersample.customerservice.controller.CustomerServiceControllerTest" time="0.232"/>
  <testcase name="ShouldNotUpdateCustomer" classname="org.ordersample.customerservice.controller.CustomerServiceControllerTest" time="0.029"/>
  <testcase name="findCustomerValidationShouldBeFine" classname="org.ordersample.customerservice.controller.CustomerServiceControllerTest" time="0.034"/>
  <testcase name="createCustomerValidation" classname="org.ordersample.customerservice.controller.CustomerServiceControllerTest" time="0.098"/>
  <testcase name="ShouldNotDeleteCustomer" classname="org.ordersample.customerservice.controller.CustomerServiceControllerTest" time="0.041"/>
  <testcase name="deleteCustomerValidation" classname="org.ordersample.customerservice.controller.CustomerServiceControllerTest" time="0.142"/>
</testsuite>