<?xml version="1.0" encoding="UTF-8"?>
<testsuite xmlns:xsi="http://www.w3.org/2001/XMLSchema-instance" xsi:noNamespaceSchemaLocation="https://maven.apache.org/surefire/maven-surefire-plugin/xsd/surefire-test-report.xsd" name="org.ordersample.invoiceservice.repository.InvoiceRepositoryTest" time="38.459" tests="1" errors="0" skipped="0" failures="0">
  <properties>
[...]
</properties>
  <testcase name="shouldSaveAndLoadInvoice" classname="org.ordersample.invoiceservice.repository.InvoiceRepositoryTest" time="0.986"/>
</testsuite>